2021-01-23 21:03:26.847  INFO 13364 --- [restartedMain] c.c.t.TelegramConverterApplication       : No active profile set, falling back to default profiles: default
2021-01-23 21:03:27.311  INFO 13364 --- [restartedMain] .s.d.r.c.RepositoryConfigurationDelegate : Bootstrapping Spring Data JPA repositories in DEFERRED mode.
2021-01-23 21:03:27.372  INFO 13364 --- [restartedMain] .s.d.r.c.RepositoryConfigurationDelegate : Finished Spring Data repository scanning in 54ms. Found 1 JPA repository interfaces.
2021-01-23 21:03:27.476  INFO 13364 --- [restartedMain] o.s.cloud.context.scope.GenericScope     : BeanFactory id=eaaec3ee-6701-3a4d-8a1b-369d16b09202
2021-01-23 21:03:27.553  INFO 13364 --- [restartedMain] trationDelegate$BeanPostProcessorChecker : Bean 'org.springframework.cloud.autoconfigure.ConfigurationPropertiesRebinderAutoConfiguration' of type [org.springframework.cloud.autoconfigure.ConfigurationPropertiesRebinderAutoConfiguration$$EnhancerBySpringCGLIB$$8f292865] is not eligible for getting processed by all BeanPostProcessors (for example: not eligible for auto-proxying)
2021-01-23 21:03:27.714  INFO 13364 --- [restartedMain] o.s.s.concurrent.ThreadPoolTaskExecutor  : Initializing ExecutorService 'applicationTaskExecutor'
2021-01-23 21:03:27.759  INFO 13364 --- [restartedMain] com.zaxxer.hikari.HikariDataSource       : HikariPool-1 - Starting...
2021-01-23 21:03:27.893  INFO 13364 --- [restartedMain] com.zaxxer.hikari.HikariDataSource       : HikariPool-1 - Start completed.
2021-01-23 21:03:27.936  INFO 13364 --- [task-1] o.hibernate.jpa.internal.util.LogHelper  : HHH000204: Processing PersistenceUnitInfo [name: default]
2021-01-23 21:03:27.975  INFO 13364 --- [task-1] org.hibernate.Version                    : HHH000412: Hibernate ORM core version 5.4.21.Final
2021-01-23 21:03:28.072  INFO 13364 --- [task-1] o.hibernate.annotations.common.Version   : HCANN000001: Hibernate Commons Annotations {5.1.0.Final}
2021-01-23 21:03:28.198  INFO 13364 --- [task-1] org.hibernate.dialect.Dialect            : HHH000400: Using dialect: org.hibernate.dialect.PostgreSQL10Dialect
2021-01-23 21:03:28.677  INFO 13364 --- [restartedMain] o.s.c.g.r.RouteDefinitionRouteLocator    : Loaded RoutePredicateFactory [After]
2021-01-23 21:03:28.677  INFO 13364 --- [restartedMain] o.s.c.g.r.RouteDefinitionRouteLocator    : Loaded RoutePredicateFactory [Before]
2021-01-23 21:03:28.677  INFO 13364 --- [restartedMain] o.s.c.g.r.RouteDefinitionRouteLocator    : Loaded RoutePredicateFactory [Between]
2021-01-23 21:03:28.677  INFO 13364 --- [restartedMain] o.s.c.g.r.RouteDefinitionRouteLocator    : Loaded RoutePredicateFactory [Cookie]
2021-01-23 21:03:28.677  INFO 13364 --- [restartedMain] o.s.c.g.r.RouteDefinitionRouteLocator    : Loaded RoutePredicateFactory [Header]
2021-01-23 21:03:28.677  INFO 13364 --- [restartedMain] o.s.c.g.r.RouteDefinitionRouteLocator    : Loaded RoutePredicateFactory [Host]
2021-01-23 21:03:28.678  INFO 13364 --- [restartedMain] o.s.c.g.r.RouteDefinitionRouteLocator    : Loaded RoutePredicateFactory [Method]
2021-01-23 21:03:28.678  INFO 13364 --- [restartedMain] o.s.c.g.r.RouteDefinitionRouteLocator    : Loaded RoutePredicateFactory [Path]
2021-01-23 21:03:28.678  INFO 13364 --- [restartedMain] o.s.c.g.r.RouteDefinitionRouteLocator    : Loaded RoutePredicateFactory [Query]
2021-01-23 21:03:28.678  INFO 13364 --- [restartedMain] o.s.c.g.r.RouteDefinitionRouteLocator    : Loaded RoutePredicateFactory [ReadBodyPredicateFactory]
2021-01-23 21:03:28.678  INFO 13364 --- [restartedMain] o.s.c.g.r.RouteDefinitionRouteLocator    : Loaded RoutePredicateFactory [RemoteAddr]
2021-01-23 21:03:28.678  INFO 13364 --- [restartedMain] o.s.c.g.r.RouteDefinitionRouteLocator    : Loaded RoutePredicateFactory [Weight]
2021-01-23 21:03:28.678  INFO 13364 --- [restartedMain] o.s.c.g.r.RouteDefinitionRouteLocator    : Loaded RoutePredicateFactory [CloudFoundryRouteService]
2021-01-23 21:03:28.785  INFO 13364 --- [task-1] o.h.e.t.j.p.i.JtaPlatformInitiator       : HHH000490: Using JtaPlatform implementation: [org.hibernate.engine.transaction.jta.platform.internal.NoJtaPlatform]
2021-01-23 21:03:28.793  INFO 13364 --- [task-1] j.LocalContainerEntityManagerFactoryBean : Initialized JPA EntityManagerFactory for persistence unit 'default'
2021-01-23 21:03:28.865  INFO 13364 --- [restartedMain] o.s.b.d.a.OptionalLiveReloadServer       : LiveReload server is running on port 35729
2021-01-23 21:03:29.465  INFO 13364 --- [restartedMain] o.s.b.web.embedded.netty.NettyWebServer  : Netty started on port(s): 8095
2021-01-23 21:03:29.468  INFO 13364 --- [restartedMain] DeferredRepositoryInitializationListener : Triggering deferred initialization of Spring Data repositories…
2021-01-23 21:03:29.688  INFO 13364 --- [restartedMain] DeferredRepositoryInitializationListener : Spring Data repositories initialized!
2021-01-23 21:03:29.717  INFO 13364 --- [restartedMain] c.c.t.TelegramConverterApplication       : Started TelegramConverterApplication in 3.652 seconds (JVM running for 4.658)
2021-01-23 21:03:52.262  INFO 13364 --- [Converter_Boris_M_bot Telegram Executor] c.c.t.telegramBot.ChatBot                : 906606885 /start 

